[debug] [2023-06-13T02:00:16.948Z] ----------------------------------------------------------------------
[debug] [2023-06-13T02:00:16.951Z] Command:       /usr/local/bin/node /usr/local/bin/firebase init hosting
[debug] [2023-06-13T02:00:16.952Z] CLI Version:   12.3.1
[debug] [2023-06-13T02:00:16.952Z] Platform:      darwin
[debug] [2023-06-13T02:00:16.952Z] Node Version:  v18.15.0
[debug] [2023-06-13T02:00:16.953Z] Time:          Mon Jun 12 2023 22:00:16 GMT-0400 (Eastern Daylight Saving Time)
[debug] [2023-06-13T02:00:16.953Z] ----------------------------------------------------------------------
[debug] 
[debug] [2023-06-13T02:00:17.019Z] > command requires scopes: ["email","openid","https://www.googleapis.com/auth/cloudplatformprojects.readonly","https://www.googleapis.com/auth/firebase","https://www.googleapis.com/auth/cloud-platform"]
[debug] [2023-06-13T02:00:17.020Z] > authorizing via signed-in user (aidanbilon@gmail.com)
[info] 
     ######## #### ########  ######## ########     ###     ######  ########
     ##        ##  ##     ## ##       ##     ##  ##   ##  ##       ##
     ######    ##  ########  ######   ########  #########  ######  ######
     ##        ##  ##    ##  ##       ##     ## ##     ##       ## ##
     ##       #### ##     ## ######## ########  ##     ##  ######  ########

You're about to initialize a Firebase project in this directory:

  /Users/aidan/Desktop/portfolio_web

Before we get started, keep in mind:

  * You are initializing within an existing Firebase project directory

[info] 
=== Project Setup
[info] 
[info] First, let's associate this project directory with a Firebase project.
[info] You can create multiple project aliases by running firebase use --add, 
[info] but for now we'll just set up a default project.
[info] 
[debug] [2023-06-13T02:00:17.024Z] Using project from CLI flag: portfolioresume-b8ddd
[debug] [2023-06-13T02:00:17.027Z] >>> [apiv2][query] GET https://firebase.googleapis.com/v1beta1/projects/portfolioresume-b8ddd [none]
[debug] [2023-06-13T02:00:17.340Z] <<< [apiv2][status] GET https://firebase.googleapis.com/v1beta1/projects/portfolioresume-b8ddd 200
[debug] [2023-06-13T02:00:17.340Z] <<< [apiv2][body] GET https://firebase.googleapis.com/v1beta1/projects/portfolioresume-b8ddd {"projectId":"portfolioresume-b8ddd","projectNumber":"608978785660","displayName":"PortfolioResume","name":"projects/portfolioresume-b8ddd","resources":{"hostingSite":"portfolioresume-b8ddd"},"state":"ACTIVE","etag":"1_1b927bc6-b509-4c52-93c9-ff4d25e90e3e"}
[info] i  Using project portfolioresume-b8ddd (PortfolioResume) 
[info] 
=== Hosting Setup
[info] 
[info] Your public directory is the folder (relative to your project directory) that
[info] will contain Hosting assets to be uploaded with firebase deploy. If you
[info] have a build process for your assets, use your build's output directory.
[info] 
